<?xml version="1.0" encoding="UTF-8"?>
<!-- Generated by org.testng.reporters.JUnitReportReporter -->
<testsuite skipped="0" hostname="DESKTOP-SDVES32" name="cucumberOptions.TestRunner" tests="1" failures="0" timestamp="23 Feb 2022 10:35:22 GMT" time="30.785" errors="0">
  <testcase name="runScenario" time="30.785" classname="cucumberOptions.TestRunner"/>
</testsuite> <!-- cucumberOptions.TestRunner -->
